[    0.000000] Linux version 4.15.0-96-generic (buildd@lgw01-amd64-004) (gcc version 7.5.0 (Ubuntu 7.5.0-3ubuntu1~18.04)) #97-Ubuntu SMP Wed Apr 1 03:25:46 UTC 2020 (Ubuntu 4.15.0-96.97-generic 4.15.18)
[    0.000000] Command line: BOOT_IMAGE=/boot/vmlinuz-4.15.0-96-generic root=LABEL=cloudimg-rootfs ro console=tty1 console=ttyS0
[    0.000000] KERNEL supported cpus:
[    0.000000]   Intel GenuineIntel
[    0.000000]   AMD AuthenticAMD
[    0.000000]   Centaur CentaurHauls
[    0.000000] x86/fpu: x87 FPU will use FXSAVE
[    0.000000] e820: BIOS-provided physical RAM map:
[    0.000000] BIOS-e820: [mem 0x0000000000000000-0x000000000009fbff] usable
[    0.000000] BIOS-e820: [mem 0x000000000009fc00-0x000000000009ffff] reserved
[    0.000000] BIOS-e820: [mem 0x00000000000f0000-0x00000000000fffff] reserved
[    0.000000] BIOS-e820: [mem 0x0000000000100000-0x000000003ffeffff] usable
[    0.000000] BIOS-e820: [mem 0x000000003fff0000-0x000000003fffffff] ACPI data
[    0.000000] BIOS-e820: [mem 0x00000000fec00000-0x00000000fec00fff] reserved
[    0.000000] BIOS-e820: [mem 0x00000000fee00000-0x00000000fee00fff] reserved
[    0.000000] BIOS-e820: [mem 0x00000000fffc0000-0x00000000ffffffff] reserved
[    0.000000] NX (Execute Disable) protection: active
[    0.000000] SMBIOS 2.5 present.
[    0.000000] DMI: innotek GmbH VirtualBox/VirtualBox, BIOS VirtualBox 12/01/2006
[    0.000000] Hypervisor detected: KVM
[    0.000000] e820: last_pfn = 0x3fff0 max_arch_pfn = 0x400000000
[    0.000000] MTRR: Disabled
[    0.000000] x86/PAT: MTRRs disabled, skipping PAT initialization too.
[    0.000000] CPU MTRRs all blank - virtualized system.
[    0.000000] x86/PAT: Configuration [0-7]: WB  WT  UC- UC  WB  WT  UC- UC  
[    0.000000] found SMP MP-table at [mem 0x0009fff0-0x0009ffff]
[    0.000000] Scanning 1 areas for low memory corruption
[    0.000000] RAMDISK: [mem 0x35a6b000-0x36d2cfff]
[    0.000000] ACPI: Early table checksum verification disabled
[    0.000000] ACPI: RSDP 0x00000000000E0000 000024 (v02 VBOX  )
[    0.000000] ACPI: XSDT 0x000000003FFF0030 00003C (v01 VBOX   VBOXXSDT 00000001 ASL  00000061)
[    0.000000] ACPI: FACP 0x000000003FFF00F0 0000F4 (v04 VBOX   VBOXFACP 00000001 ASL  00000061)
[    0.000000] ACPI: DSDT 0x000000003FFF0470 0022EA (v02 VBOX   VBOXBIOS 00000002 INTL 20100528)
[    0.000000] ACPI: FACS 0x000000003FFF0200 000040
[    0.000000] ACPI: FACS 0x000000003FFF0200 000040
[    0.000000] ACPI: APIC 0x000000003FFF0240 00005C (v02 VBOX   VBOXAPIC 00000001 ASL  00000061)
[    0.000000] ACPI: SSDT 0x000000003FFF02A0 0001CC (v01 VBOX   VBOXCPUT 00000002 INTL 20100528)
[    0.000000] No NUMA configuration found
[    0.000000] Faking a node at [mem 0x0000000000000000-0x000000003ffeffff]
[    0.000000] NODE_DATA(0) allocated [mem 0x3ffc5000-0x3ffeffff]
[    0.000000] kvm-clock: cpu 0, msr 0:3ff44001, primary cpu clock
[    0.000000] kvm-clock: Using msrs 4b564d01 and 4b564d00
[    0.000000] kvm-clock: using sched offset of 7109747483 cycles
[    0.000000] clocksource: kvm-clock: mask: 0xffffffffffffffff max_cycles: 0x1cd42e4dffb, max_idle_ns: 881590591483 ns
[    0.000000] Zone ranges:
[    0.000000]   DMA      [mem 0x0000000000001000-0x0000000000ffffff]
[    0.000000]   DMA32    [mem 0x0000000001000000-0x000000003ffeffff]
[    0.000000]   Normal   empty
[    0.000000]   Device   empty
[    0.000000] Movable zone start for each node
[    0.000000] Early memory node ranges
[    0.000000]   node   0: [mem 0x0000000000001000-0x000000000009efff]
[    0.000000]   node   0: [mem 0x0000000000100000-0x000000003ffeffff]
[    0.000000] Reserved but unavailable: 98 pages
[    0.000000] Initmem setup node 0 [mem 0x0000000000001000-0x000000003ffeffff]
[    0.000000] ACPI: PM-Timer IO Port: 0x4008
[    0.000000] IOAPIC[0]: apic_id 2, version 32, address 0xfec00000, GSI 0-23
[    0.000000] ACPI: INT_SRC_OVR (bus 0 bus_irq 0 global_irq 2 dfl dfl)
[    0.000000] ACPI: INT_SRC_OVR (bus 0 bus_irq 9 global_irq 9 low level)
[    0.000000] Using ACPI (MADT) for SMP configuration information
[    0.000000] smpboot: Allowing 2 CPUs, 0 hotplug CPUs
[    0.000000] PM: Registered nosave memory: [mem 0x00000000-0x00000fff]
[    0.000000] PM: Registered nosave memory: [mem 0x0009f000-0x0009ffff]
[    0.000000] PM: Registered nosave memory: [mem 0x000a0000-0x000effff]
[    0.000000] PM: Registered nosave memory: [mem 0x000f0000-0x000fffff]
[    0.000000] e820: [mem 0x40000000-0xfebfffff] available for PCI devices
[    0.000000] Booting paravirtualized kernel on KVM
[    0.000000] clocksource: refined-jiffies: mask: 0xffffffff max_cycles: 0xffffffff, max_idle_ns: 7645519600211568 ns
[    0.000000] random: get_random_bytes called from start_kernel+0x99/0x4fd with crng_init=0
[    0.000000] setup_percpu: NR_CPUS:8192 nr_cpumask_bits:2 nr_cpu_ids:2 nr_node_ids:1
[    0.000000] percpu: Embedded 45 pages/cpu s147456 r8192 d28672 u1048576
[    0.000000] PV qspinlock hash table entries: 256 (order: 0, 4096 bytes)
[    0.000000] Built 1 zonelists, mobility grouping on.  Total pages: 257913
[    0.000000] Policy zone: DMA32
[    0.000000] Kernel command line: BOOT_IMAGE=/boot/vmlinuz-4.15.0-96-generic root=LABEL=cloudimg-rootfs ro console=tty1 console=ttyS0
[    0.000000] Memory: 983060K/1048120K available (12300K kernel code, 2481K rwdata, 4264K rodata, 2432K init, 2712K bss, 65060K reserved, 0K cma-reserved)
[    0.000000] SLUB: HWalign=64, Order=0-3, MinObjects=0, CPUs=2, Nodes=1
[    0.000000] Kernel/User page tables isolation: enabled
[    0.000000] ftrace: allocating 39351 entries in 154 pages
[    0.004000] Hierarchical RCU implementation.
[    0.004000] 	RCU restricting CPUs from NR_CPUS=8192 to nr_cpu_ids=2.
[    0.004000] 	Tasks RCU enabled.
[    0.004000] RCU: Adjusting geometry for rcu_fanout_leaf=16, nr_cpu_ids=2
[    0.004000] NR_IRQS: 524544, nr_irqs: 440, preallocated irqs: 16
[    0.004000] Console: colour VGA+ 80x25
[    0.004000] console [tty1] enabled
[    0.004000] console [ttyS0] enabled
[    0.004000] ACPI: Core revision 20170831
[    0.004000] ACPI: 2 ACPI AML tables successfully acquired and loaded
[    0.004000] APIC: Switch to symmetric I/O mode setup
[    0.004000] x2apic enabled
[    0.004000] Switched APIC routing to physical x2apic.
[    0.004000] ..TIMER: vector=0x30 apic1=0 pin1=2 apic2=-1 pin2=-1
[    0.004008] tsc: Detected 2925.998 MHz processor
[    0.005214] Calibrating delay loop (skipped) preset value.. 5851.99 BogoMIPS (lpj=11703992)
[    0.008004] pid_max: default: 32768 minimum: 301
[    0.009573] Security Framework initialized
[    0.010694] Yama: becoming mindful.
[    0.012036] AppArmor: AppArmor initialized
[    0.016074] Dentry cache hash table entries: 131072 (order: 8, 1048576 bytes)
[    0.017817] Inode-cache hash table entries: 65536 (order: 7, 524288 bytes)
[    0.020017] Mount-cache hash table entries: 2048 (order: 2, 16384 bytes)
[    0.021538] Mountpoint-cache hash table entries: 2048 (order: 2, 16384 bytes)
[    0.023459] Last level iTLB entries: 4KB 512, 2MB 7, 4MB 7
[    0.024003] Last level dTLB entries: 4KB 512, 2MB 32, 4MB 32, 1GB 0
[    0.025522] Spectre V1 : Mitigation: usercopy/swapgs barriers and __user pointer sanitization
[    0.028004] Spectre V2 : Mitigation: Full generic retpoline
[    0.029360] Spectre V2 : Spectre v2 / SpectreRSB mitigation: Filling RSB on context switch
[    0.032006] Speculative Store Bypass: Vulnerable
[    0.033197] MDS: Vulnerable: Clear CPU buffers attempted, no microcode
[    0.035042] Freeing SMP alternatives memory: 36K
[    0.145993] smpboot: CPU0: Intel(R) Xeon(R) CPU           X5670  @ 2.93GHz (family: 0x6, model: 0x2c, stepping: 0x2)
[    0.148000] Performance Events: unsupported p6 CPU model 44 no PMU driver, software events only.
[    0.148073] Hierarchical SRCU implementation.
[    0.149735] NMI watchdog: Perf event create on CPU 0 failed with -2
[    0.152003] NMI watchdog: Perf NMI watchdog permanently disabled
[    0.153549] smp: Bringing up secondary CPUs ...
[    0.154847] x86: Booting SMP configuration:
[    0.156003] .... node  #0, CPUs:      #1
[    0.004000] kvm-clock: cpu 1, msr 0:3ff44041, secondary cpu clock
[    0.160042] smp: Brought up 1 node, 2 CPUs
[    0.161290] smpboot: Max logical packages: 1
[    0.162339] smpboot: Total of 2 processors activated (11703.99 BogoMIPS)
[    0.164238] devtmpfs: initialized
[    0.164942] x86/mm: Memory block size: 128MB
[    0.166229] evm: security.selinux
[    0.168005] evm: security.SMACK64
[    0.168851] evm: security.SMACK64EXEC
[    0.169774] evm: security.SMACK64TRANSMUTE
[    0.170779] evm: security.SMACK64MMAP
[    0.172004] evm: security.apparmor
[    0.172838] evm: security.ima
[    0.173583] evm: security.capability
[    0.174526] clocksource: jiffies: mask: 0xffffffff max_cycles: 0xffffffff, max_idle_ns: 7645041785100000 ns
[    0.176019] futex hash table entries: 512 (order: 3, 32768 bytes)
[    0.179820] pinctrl core: initialized pinctrl subsystem
[    0.180150] RTC time: 17:26:18, date: 04/16/20
[    0.184123] NET: Registered protocol family 16
[    0.185329] audit: initializing netlink subsys (disabled)
[    0.186719] audit: type=2000 audit(1587057986.736:1): state=initialized audit_enabled=0 res=1
[    0.188016] cpuidle: using governor ladder
[    0.189029] cpuidle: using governor menu
[    0.190036] ACPI: bus type PCI registered
[    0.191052] acpiphp: ACPI Hot Plug PCI Controller Driver version: 0.5
[    0.192144] PCI: Using configuration type 1 for base access
[    0.196104] HugeTLB registered 2.00 MiB page size, pre-allocated 0 pages
[    0.197732] ACPI: Added _OSI(Module Device)
[    0.197732] ACPI: Added _OSI(Processor Device)
[    0.200009] ACPI: Added _OSI(3.0 _SCP Extensions)
[    0.201147] ACPI: Added _OSI(Processor Aggregator Device)
[    0.204019] ACPI: Added _OSI(Linux-Dell-Video)
[    0.205289] ACPI: Added _OSI(Linux-Lenovo-NV-HDMI-Audio)
[    0.206556] ACPI: Added _OSI(Linux-HPI-Hybrid-Graphics)
[    0.208472] ACPI: Executed 1 blocks of module-level executable AML code
[    0.214682] ACPI: Interpreter enabled
[    0.215602] ACPI: (supports S0 S5)
[    0.216004] ACPI: Using IOAPIC for interrupt routing
[    0.217590] PCI: Using host bridge windows from ACPI; if necessary, use "pci=nocrs" and report a bug
[    0.220272] ACPI: Enabled 2 GPEs in block 00 to 07
[    0.230589] ACPI: PCI Root Bridge [PCI0] (domain 0000 [bus 00-ff])
[    0.232012] acpi PNP0A03:00: _OSC: OS supports [ASPM ClockPM Segments MSI]
[    0.234535] acpi PNP0A03:00: _OSC: not requesting OS control; OS requires [ExtendedConfig ASPM ClockPM MSI]
[    0.236035] acpi PNP0A03:00: fail to add MMCONFIG information, can't access extended PCI configuration space under this bridge.
[    0.240758] PCI host bridge to bus 0000:00
[    0.242074] pci_bus 0000:00: root bus resource [io  0x0000-0x0cf7 window]
[    0.243716] pci_bus 0000:00: root bus resource [io  0x0d00-0xffff window]
[    0.244006] pci_bus 0000:00: root bus resource [mem 0x000a0000-0x000bffff window]
[    0.245751] pci_bus 0000:00: root bus resource [mem 0x40000000-0xfdffffff window]
[    0.248006] pci_bus 0000:00: root bus resource [bus 00-ff]
[    0.253790] pci 0000:00:01.1: legacy IDE quirk: reg 0x10: [io  0x01f0-0x01f7]
[    0.255493] pci 0000:00:01.1: legacy IDE quirk: reg 0x14: [io  0x03f6]
[    0.256004] pci 0000:00:01.1: legacy IDE quirk: reg 0x18: [io  0x0170-0x0177]
[    0.257938] pci 0000:00:01.1: legacy IDE quirk: reg 0x1c: [io  0x0376]
[    0.282936] pci 0000:00:07.0: quirk: [io  0x4000-0x403f] claimed by PIIX4 ACPI
[    0.284031] pci 0000:00:07.0: quirk: [io  0x4100-0x410f] claimed by PIIX4 SMB
[    0.295103] ACPI: PCI Interrupt Link [LNKA] (IRQs 5 9 10 *11)
[    0.296447] ACPI: PCI Interrupt Link [LNKB] (IRQs 5 9 *10 11)
[    0.298051] ACPI: PCI Interrupt Link [LNKC] (IRQs 5 *9 10 11)
[    0.300193] ACPI: PCI Interrupt Link [LNKD] (IRQs 5 9 10 *11)
[    0.302124] SCSI subsystem initialized
[    0.303116] pci 0000:00:02.0: vgaarb: setting as boot VGA device
[    0.303116] pci 0000:00:02.0: vgaarb: VGA device added: decodes=io+mem,owns=io+mem,locks=none
[    0.304018] pci 0000:00:02.0: vgaarb: bridge control possible
[    0.308004] vgaarb: loaded
[    0.308752] ACPI: bus type USB registered
[    0.309851] usbcore: registered new interface driver usbfs
[    0.312040] usbcore: registered new interface driver hub
[    0.313374] usbcore: registered new device driver usb
[    0.314936] EDAC MC: Ver: 3.0.0
[    0.316383] PCI: Using ACPI for IRQ routing
[    0.317585] NetLabel: Initializing
[    0.318479] NetLabel:  domain hash size = 128
[    0.320004] NetLabel:  protocols = UNLABELED CIPSOv4 CALIPSO
[    0.321485] NetLabel:  unlabeled traffic allowed by default
[    0.322891] clocksource: Switched to clocksource kvm-clock
[    0.345293] VFS: Disk quotas dquot_6.6.0
[    0.346399] VFS: Dquot-cache hash table entries: 512 (order 0, 4096 bytes)
[    0.348239] AppArmor: AppArmor Filesystem Enabled
[    0.349468] pnp: PnP ACPI init
[    0.352076] pnp: PnP ACPI: found 3 devices
[    0.366324] clocksource: acpi_pm: mask: 0xffffff max_cycles: 0xffffff, max_idle_ns: 2085701024 ns
[    0.368238] NET: Registered protocol family 2
[    0.369791] TCP established hash table entries: 8192 (order: 4, 65536 bytes)
[    0.371532] TCP bind hash table entries: 8192 (order: 5, 131072 bytes)
[    0.375713] TCP: Hash tables configured (established 8192 bind 8192)
[    0.377428] UDP hash table entries: 512 (order: 2, 16384 bytes)
[    0.379064] UDP-Lite hash table entries: 512 (order: 2, 16384 bytes)
[    0.380622] NET: Registered protocol family 1
[    0.381740] pci 0000:00:00.0: Limiting direct PCI/PCI transfers
[    0.383172] pci 0000:00:01.0: Activating ISA DMA hang workarounds
[    0.384662] pci 0000:00:02.0: Video device with shadowed ROM at [mem 0x000c0000-0x000dffff]
[    0.386816] Unpacking initramfs...
[    0.728704] Freeing initrd memory: 19208K
[    0.730051] clocksource: tsc: mask: 0xffffffffffffffff max_cycles: 0x2a2d3295deb, max_idle_ns: 440795332860 ns
[    0.732547] platform rtc_cmos: registered platform RTC device (no PNP device found)
[    0.734649] Scanning for low memory corruption every 60 seconds
[    0.737039] Initialise system trusted keyrings
[    0.738233] Key type blacklist registered
[    0.739501] workingset: timestamp_bits=36 max_order=18 bucket_order=0
[    0.742352] zbud: loaded
[    0.743610] squashfs: version 4.0 (2009/01/31) Phillip Lougher
[    0.745428] fuse init (API version 7.26)
[    0.751810] Key type asymmetric registered
[    0.752905] Asymmetric key parser 'x509' registered
[    0.754171] Block layer SCSI generic (bsg) driver version 0.4 loaded (major 246)
[    0.756295] io scheduler noop registered
[    0.757288] io scheduler deadline registered
[    0.758899] io scheduler cfq registered (default)
[    0.760609] ACPI: AC Adapter [AC] (on-line)
[    0.761732] input: Power Button as /devices/LNXSYSTM:00/LNXPWRBN:00/input/input0
[    0.763659] ACPI: Power Button [PWRF]
[    0.764778] input: Sleep Button as /devices/LNXSYSTM:00/LNXSLPBN:00/input/input1
[    0.766653] ACPI: Sleep Button [SLPF]
[    0.768121] Serial: 8250/16550 driver, 32 ports, IRQ sharing enabled
[    0.790895] 00:02: ttyS0 at I/O 0x3f8 (irq = 4, base_baud = 115200) is a 16550A
[    0.797449] Linux agpgart interface v0.103
[    0.800970] loop: module loaded
[    0.802637] scsi host0: ata_piix
[    0.803794] scsi host1: ata_piix
[    0.804723] ata1: PATA max UDMA/33 cmd 0x1f0 ctl 0x3f6 bmdma 0xd000 irq 14
[    0.806373] ata2: PATA max UDMA/33 cmd 0x170 ctl 0x376 bmdma 0xd008 irq 15
[    0.808098] libphy: Fixed MDIO Bus: probed
[    0.809229] tun: Universal TUN/TAP device driver, 1.6
[    0.810630] PPP generic driver version 2.4.2
[    0.811904] ehci_hcd: USB 2.0 'Enhanced' Host Controller (EHCI) Driver
[    0.813563] ehci-pci: EHCI PCI platform driver
[    0.814744] ehci-platform: EHCI generic platform driver
[    0.816060] ohci_hcd: USB 1.1 'Open' Host Controller (OHCI) Driver
[    0.817588] ohci-pci: OHCI PCI platform driver
[    0.818721] ohci-platform: OHCI generic platform driver
[    0.820014] uhci_hcd: USB Universal Host Controller Interface driver
[    0.821679] i8042: PNP: PS/2 Controller [PNP0303:PS2K,PNP0f03:PS2M] at 0x60,0x64 irq 1,12
[    0.824210] serio: i8042 KBD port at 0x60,0x64 irq 1
[    0.825472] serio: i8042 AUX port at 0x60,0x64 irq 12
[    0.827029] mousedev: PS/2 mouse device common for all mice
[    0.829387] input: AT Translated Set 2 keyboard as /devices/platform/i8042/serio0/input/input2
[    0.831660] rtc_cmos rtc_cmos: rtc core: registered rtc_cmos as rtc0
[    0.833276] rtc_cmos rtc_cmos: alarms up to one day, 114 bytes nvram
[    0.834807] i2c /dev entries driver
[    0.835727] device-mapper: uevent: version 1.0.3
[    0.837132] device-mapper: ioctl: 4.37.0-ioctl (2017-09-20) initialised: dm-devel@redhat.com
[    0.839472] ledtrig-cpu: registered to indicate activity on CPUs
[    0.841582] NET: Registered protocol family 10
[    0.848104] Segment Routing with IPv6
[    0.849047] NET: Registered protocol family 17
[    0.850146] Key type dns_resolver registered
[    0.851437] mce: Using 0 MCE banks
[    0.852406] RAS: Correctable Errors collector initialized.
[    0.853760] sched_clock: Marking stable (852371967, 0)->(1042845266, -190473299)
[    0.856428] registered taskstats version 1
[    0.857508] Loading compiled-in X.509 certificates
[    0.862103] Loaded X.509 cert 'Build time autogenerated kernel key: 244b473b43e18b01f00e37a87f2ecd28620f0244'
[    0.864435] zswap: loaded using pool lzo/zbud
[    0.870609] Key type big_key registered
[    0.871569] Key type trusted registered
[    0.874938] Key type encrypted registered
[    0.875966] AppArmor: AppArmor sha1 policy hashing enabled
[    0.877399] ima: No TPM chip found, activating TPM-bypass! (rc=-19)
[    0.878887] ima: Allocated hash algorithm: sha1
[    0.879996] evm: HMAC attrs: 0x1
[    0.881233]   Magic number: 0:368:441
[    0.882319] rtc_cmos rtc_cmos: setting system clock to 2020-04-16 17:26:19 UTC (1587057979)
[    0.884548] BIOS EDD facility v0.16 2004-Jun-25, 0 devices found
[    0.886048] EDD information not available.
[    0.971097] Freeing unused kernel image memory: 2432K
[    0.980239] Write protecting the kernel read-only data: 20480k
[    0.982538] Freeing unused kernel image memory: 2008K
[    0.984407] Freeing unused kernel image memory: 1880K
[    0.994260] x86/mm: Checked W+X mappings: passed, no W+X pages found.
[    0.995909] x86/mm: Checking user space page tables
[    1.005760] x86/mm: Checked W+X mappings: passed, no W+X pages found.
Loading, please wait...
starting version 237
[    1.127611] e1000: Intel(R) PRO/1000 Network Driver - version 7.3.21-k8-NAPI
[    1.129459] e1000: Copyright (c) 1999-2006 Intel Corporation.
[    1.131601] Fusion MPT base driver 3.04.20
[    1.132836] Copyright (c) 1999-2008 LSI Corporation
[    1.151096] Fusion MPT SPI Host driver 3.04.20
[    1.161847] SSE version of gcm_enc/dec engaged.
[    1.348884] input: ImExPS/2 Generic Explorer Mouse as /devices/platform/i8042/serio1/input/input4
[    1.561808] e1000 0000:00:03.0 eth0: (PCI:33MHz:32-bit) 02:43:0e:00:05:fc
[    1.563442] e1000 0000:00:03.0 eth0: Intel(R) PRO/1000 Network Connection
[    1.566547] mptbase: ioc0: Initiating bringup
[    1.567827] e1000 0000:00:03.0 enp0s3: renamed from eth0
[    1.694656] ioc0: LSI53C1030 A0: Capabilities={Initiator}
[    2.602143] scsi host2: ioc0: LSI53C1030 A0, FwRev=00000000h, Ports=1, MaxQ=256, IRQ=20
[    3.560965] scsi 2:0:0:0: Direct-Access     VBOX     HARDDISK         1.0  PQ: 0 ANSI: 5
[    3.592432] scsi target2:0:0: Beginning Domain Validation
[    3.596303] scsi target2:0:0: Domain Validation skipping write tests
[    3.597781] scsi target2:0:0: Ending Domain Validation
[    3.599180] scsi target2:0:0: asynchronous
[    3.601052] scsi 2:0:1:0: Direct-Access     VBOX     HARDDISK         1.0  PQ: 0 ANSI: 5
[    3.632062] scsi target2:0:1: Beginning Domain Validation
[    3.635339] random: fast init done
[    3.637039] scsi target2:0:1: Domain Validation skipping write tests
[    3.638743] scsi target2:0:1: Ending Domain Validation
[    3.640217] scsi target2:0:1: asynchronous
[    3.648491] random: systemd-udevd: uninitialized urandom read (16 bytes read)
[    3.648502] sd 2:0:0:0: Attached scsi generic sg0 type 0
[    3.650517] random: systemd-udevd: uninitialized urandom read (16 bytes read)
[    3.651953] sd 2:0:1:0: Attached scsi generic sg1 type 0
[    3.653657] random: systemd-udevd: uninitialized urandom read (16 bytes read)
[    3.656940] sd 2:0:0:0: [sda] 20971520 512-byte logical blocks: (10.7 GB/10.0 GiB)
[    3.659109] sd 2:0:1:0: [sdb] 20480 512-byte logical blocks: (10.5 MB/10.0 MiB)
[    3.659176] sd 2:0:0:0: [sda] Write Protect is off
[    3.662528] sd 2:0:1:0: [sdb] Write Protect is off
[    3.663201] sd 2:0:0:0: [sda] Incomplete mode parameter data
[    3.665295] sd 2:0:0:0: [sda] Assuming drive cache: write through
[    3.667395] sd 2:0:1:0: [sdb] Incomplete mode parameter data
[    3.669211] sd 2:0:1:0: [sdb] Assuming drive cache: write through
[    3.673259]  sda: sda1
[    3.675176] sd 2:0:0:0: [sda] Attached SCSI disk
[    3.676877] sd 2:0:1:0: [sdb] Attached SCSI disk
Begin: Loading essential drivers ... [    5.180028] raid6: sse2x1   gen()  7323 MB/s
[    5.228215] raid6: sse2x1   xor()  5810 MB/s
[    5.278958] raid6: sse2x2   gen()  9202 MB/s
[    5.328029] raid6: sse2x2   xor()  6653 MB/s
[    5.376107] raid6: sse2x4   gen()  9839 MB/s
[    5.425268] raid6: sse2x4   xor()  7686 MB/s
[    5.427084] raid6: using algorithm sse2x4 gen() 9839 MB/s
[    5.428538] raid6: .... xor() 7686 MB/s, rmw enabled
[    5.430139] raid6: using ssse3x2 recovery algorithm
[    5.434706] xor: measuring software checksum speed
[    5.476142]    prefetch64-sse: 14334.000 MB/sec
[    5.516386]    generic_sse: 11973.000 MB/sec
[    5.517646] xor: using function: prefetch64-sse (14334.000 MB/sec)
[    5.521193] async_tx: api initialized (async)
done.
Begin: Running /scripts/init-premount ... done.
Begin: Mounting root file system ... Begin: Running /scripts/local-top ... done.
Begin: Running /scripts/local-premount ... [    5.582605] Btrfs loaded, crc32c=crc32c-intel
Scanning for Btrfs filesystems
done.
Warning: fsck not present, so skipping root file system
[    5.633713] EXT4-fs (sda1): mounted filesystem with ordered data mode. Opts: (null)
done.
Begin: Running /scripts/local-bottom ... done.
Begin: Running /scripts/init-bottom ... done.
[    6.062599] ip_tables: (C) 2000-2006 Netfilter Core Team
[    6.094418] systemd[1]: systemd 237 running in system mode. (+PAM +AUDIT +SELINUX +IMA +APPARMOR +SMACK +SYSVINIT +UTMP +LIBCRYPTSETUP +GCRYPT +GNUTLS +ACL +XZ +LZ4 +SECCOMP +BLKID +ELFUTILS +KMOD -IDN2 +IDN -PCRE2 default-hierarchy=hybrid)
[    6.099889] systemd[1]: Detected virtualization oracle.
[    6.101197] systemd[1]: Detected architecture x86-64.

Welcome to [1mUbuntu 18.04.4 LTS[0m!

[    6.110042] systemd[1]: Set hostname to <ubuntu>.
[    6.130272] systemd[1]: Initializing machine ID from random generator.
[    6.131913] systemd[1]: Installed transient /etc/machine-id file.
[    6.709536] systemd[1]: Reached target Swap.
[[0;32m  OK  [0m] Reached target Swap.
[    6.714732] systemd[1]: Created slice System Slice.
[[0;32m  OK  [0m] Created slice System Slice.
[    6.717498] systemd[1]: Listening on Network Service Netlink Socket.
[[0;32m  OK  [0m] Listening on Network Service Netlink Socket.
[    6.721190] systemd[1]: Listening on Journal Socket.
[[0;32m  OK  [0m] Listening on Journal Socket.
         Mounting Kernel Debug File System...
[[0;32m  OK  [0m] Created slice User and Session Slice.
[[0;32m  OK  [0m] Reached target User and Group Name Lookups.
[[0;32m  OK  [0m] Reached target Slices.
[[0;32m  OK  [0m] Started Forward Password Requests to Wall Directory Watch.
[[0;32m  OK  [0m] Reached target System Time Synchronized.
[[0;32m  OK  [0m] Listening on Syslog Socket.
         Mounting POSIX Message Queue File System...
         Starting Set the console keyboard layout...
         Starting Create list of required st…ce nodes for the current kernel...
         Starting Load Kernel Modules...
[[0;32m  OK  [0m] Listening on Journal Socket (/dev/log).
         Mounting Huge Pages File System...
[[0;32m  OK  [0m] Listening on LVM2 poll daemon socket.
[[0;32m  OK  [0m] Set up automount Arbitrary Executab…rmats File System Automount Point.
[    6.781500] Loading iSCSI transport class v2.0-870.
[    6.798899] iscsi: registered transport (tcp)
         Starting Uncomplicated firewall...
[[0;32m  OK  [0m] Listening on /dev/initctl Compatibility Named Pipe.
[[0;32m  OK  [0m] Listening on udev Kernel Socket.
[[0;32m  OK  [0m] Listening on Journal Audit Socket.
         Starting Journal Service...
[[0;32m  OK  [0m] Created slice system-serial\x2dgetty.slice.
[[0;32m  OK  [0m] Listening on LVM2 metadata daemon socket.
         Starting Remount Root and Kernel File Systems...
[[0;32m  OK  [0m] Listening on udev Control Socket.
         Starting udev Coldplug all Devices...
[[0;32m  OK  [0m] Listening on Device-mapper event daemon FIFOs.
         Starting Monitoring of LVM2 mirrors…ng dmeventd or progress polling...
[[0;32m  OK  [0m] Mounted Kernel Debug File System.
[[0;32m  OK  [0m] Mounted POSIX Message Queue File System.
[[0;32m  OK  [0m] Started Create list of required sta…vice nodes for the current kernel.
[[0;32m  OK  [0m] Mounted Huge Pages File System.
[[0;32m  OK  [0m] Started Uncomplicated firewall.
         Starting Create Static Device Nodes in /dev...
[[0;32m  OK  [0m] Started LVM2 metadata daemon.
[[0;32m  OK  [0m] Started udev Coldplug all Devices.
[    6.989574] iscsi: registered transport (iser)
[[0;32m  OK  [0m] Started Load Kernel Modules.
         Starting Apply Kernel Variables...
         Mounting FUSE Control File System...
         Mounting Kernel Configuration File System...
[[0;32m  OK  [0m] Mounted Kernel Configuration File System.
[[0;32m  OK  [0m] Started Journal Service.
[[0;32m  OK  [0m] Mounted FUSE Control File System.
[    7.048201] EXT4-fs (sda1): re-mounted. Opts: (null)
[[0;32m  OK  [0m] Started Remount Root and Kernel File Systems.
         Starting Load/Save Random Seed...
         Starting Flush Journal to Persistent Storage...
[[0;32m  OK  [0m] Started Set the console keyboard layout.
[[0;32m  OK  [0m] Started Create Static Device Nodes in /dev.
         Starting udev Kernel Device Manager...
[[0;32m  OK  [0m] Started Monitoring of LVM2 mirrors,…sing dmeventd or progress polling.
[[0;32m  OK  [0m] Reached target Local File Systems (Pre).
[[0;32m  OK  [0m] Reached target Local File Systems.
         Starting ebtables ruleset management...
         Starting Set console font and keymap...
         Starting Tell Plymouth To Write Out Runtime Data...
         Starting AppArmor initialization...
         Starting Commit a transient machine-id on disk...
[[0;32m  OK  [0m] Started Apply Kernel Variables.
[[0;32m  OK  [0m] Started Set console font and keymap.
[[0;32m  OK  [0m] Started Tell Plymouth To Write Out Runtime Data.
[[0;32m  OK  [0m] Started Load/Save Random Seed.
[[0;32m  OK  [0m] Started udev Kernel Device Manager.
[[0;32m  OK  [0m] Started Dispatch Password Requests to Console Directory Watch.
[[0;32m  OK  [0m] Reached target Local Encrypted Volumes.
[[0;32m  OK  [0m] Started Flush Journal to Persistent Storage.
         Starting Create Volatile Files and Directories...
[[0;32m  OK  [0m] Started Commit a transient machine-id on disk.
[[0;32m  OK  [0m] Started Create Volatile Files and Directories.
         Starting Update UTMP about System Boot/Shutdown...
[[0;32m  OK  [0m] Started Update UTMP about System Boot/Shutdown.
[[0;32m  OK  [0m] Started ebtables ruleset management.
[[0;32m  OK  [0m] Found device /dev/ttyS0.
[[0;32m  OK  [0m] Listening on Load/Save RF Kill Switch Status /dev/rfkill Watch.
[[0;32m  OK  [0m] Started AppArmor initialization.
         Starting Initial cloud-init job (pre-networking)...
[   10.982805] cloud-init[536]: Cloud-init v. 19.4-33-gbb4131a2-0ubuntu1~18.04.1 running 'init-local' at Thu, 16 Apr 2020 17:26:29 +0000. Up 10.46 seconds.
[[0;32m  OK  [0m] Started Initial cloud-init job (pre-networking).
[[0;32m  OK  [0m] Reached target Network (Pre).
         Starting Network Service...
[[0;32m  OK  [0m] Started Network Service.
         Starting Network Name Resolution...
         Starting Wait for Network to be Configured...
[[0;32m  OK  [0m] Started Network Name Resolution.
[[0;32m  OK  [0m] Reached target Host and Network Name Lookups.
[[0;32m  OK  [0m] Reached target Network.
[[0;32m  OK  [0m] Started Wait for Network to be Configured.
         Starting Initial cloud-init job (metadata service crawler)...
[   13.076407] cloud-init[657]: Cloud-init v. 19.4-33-gbb4131a2-0ubuntu1~18.04.1 running 'init' at Thu, 16 Apr 2020 17:26:31 +0000. Up 12.87 seconds.
[   13.079261] cloud-init[657]: ci-info: +++++++++++++++++++++++++++++++++++++Net device info+++++++++++++++++++++++++++++++++++++
[   13.081585] cloud-init[657]: ci-info: +--------+------+--------------------------+---------------+--------+-------------------+
[   13.083838] cloud-init[657]: ci-info: | Device |  Up  |         Address          |      Mask     | Scope  |     Hw-Address    |
[   13.086418] cloud-init[657]: ci-info: +--------+------+--------------------------+---------------+--------+-------------------+
[   13.088822] cloud-init[657]: ci-info: | enp0s3 | True |        10.0.2.15         | 255.255.255.0 | global | 02:43:0e:00:05:fc |
[   13.091048] cloud-init[657]: ci-info: | enp0s3 | True | fe80::43:eff:fe00:5fc/64 |       .       |  link  | 02:43:0e:00:05:fc |
[   13.093367] cloud-init[657]: ci-info: |   lo   | True |        127.0.0.1         |   255.0.0.0   |  host  |         .         |
[   13.095512] cloud-init[657]: ci-info: |   lo   | True |         ::1/128          |       .       |  host  |         .         |
[   13.098021] cloud-init[657]: ci-info: +--------+------+--------------------------+---------------+--------+-------------------+
[   13.100243] cloud-init[657]: ci-info: ++++++++++++++++++++++++++++Route IPv4 info+++++++++++++++++++++++++++++
[   13.101997] cloud-init[657]: ci-info: +-------+-------------+----------+-----------------+-----------+-------+
[   13.104092] cloud-init[657]: ci-info: | Route | Destination | Gateway  |     Genmask     | Interface | Flags |
[   13.106145] cloud-init[657]: ci-info: +-------+-------------+----------+-----------------+-----------+-------+
[   13.108116] cloud-init[657]: ci-info: |   0   |   0.0.0.0   | 10.0.2.2 |     0.0.0.0     |   enp0s3  |   UG  |
[   13.110004] cloud-init[657]: ci-info: |   1   |   10.0.2.0  | 0.0.0.0  |  255.255.255.0  |   enp0s3  |   U   |
[   13.112123] cloud-init[657]: ci-info: |   2   |   10.0.2.2  | 0.0.0.0  | 255.255.255.255 |   enp0s3  |   UH  |
[   13.114105] cloud-init[657]: ci-info: +-------+-------------+----------+-----------------+-----------+-------+
[   13.116052] cloud-init[657]: ci-info: +++++++++++++++++++Route IPv6 info+++++++++++++++++++
[   13.117739] cloud-init[657]: ci-info: +-------+-------------+---------+-----------+-------+
[   13.119418] cloud-init[657]: ci-info: | Route | Destination | Gateway | Interface | Flags |
[   13.121388] cloud-init[657]: ci-info: +-------+-------------+---------+-----------+-------+
[   13.123093] cloud-init[657]: ci-info: |   1   |  fe80::/64  |    ::   |   enp0s3  |   U   |
[   13.124828] cloud-init[657]: ci-info: |   3   |    local    |    ::   |   enp0s3  |   U   |
[   13.126725] cloud-init[657]: ci-info: |   4   |   ff00::/8  |    ::   |   enp0s3  |   U   |
[   13.128553] cloud-init[657]: ci-info: +-------+-------------+---------+-----------+-------+
[   14.759679] cloud-init[657]: Generating public/private rsa key pair.
[   14.761037] cloud-init[657]: Your identification has been saved in /etc/ssh/ssh_host_rsa_key.
[   14.762726] cloud-init[657]: Your public key has been saved in /etc/ssh/ssh_host_rsa_key.pub.
[   14.764437] cloud-init[657]: The key fingerprint is:
[   14.765508] cloud-init[657]: SHA256:0o5i6Xk1m1mEslpSGaZKqp/xt3zyME2Dr5v8wjWHa4Y root@ubuntu-bionic
[   14.776334] cloud-init[657]: The key's randomart image is:
[   14.777672] cloud-init[657]: +---[RSA 2048]----+
[   14.778782] cloud-init[657]: |                 |
[   14.780006] cloud-init[657]: |      o          |
[   14.781130] cloud-init[657]: |     o o .       |
[   14.782126] cloud-init[657]: |  . . +o. .      |
[   14.783153] cloud-init[657]: | o . .ooSo       |
[   14.784120] cloud-init[657]: |. . ..oB*.o      |
[   14.784970] cloud-init[657]: |. . +=+++X       |
[   14.796373] cloud-init[657]: |.  *.=E=O        |
[   14.797580] cloud-init[657]: | .o +oB@o        |
[   14.798606] cloud-init[657]: +----[SHA256]-----+
[   14.799731] cloud-init[657]: Generating public/private dsa key pair.
[   14.801296] cloud-init[657]: Your identification has been saved in /etc/ssh/ssh_host_dsa_key.
[   14.803163] cloud-init[657]: Your public key has been saved in /etc/ssh/ssh_host_dsa_key.pub.
[   14.804984] cloud-init[657]: The key fingerprint is:
[   14.806043] cloud-init[657]: SHA256:H5eBQC8+LiH9teOtGwzZlweavkBazx7bVxMi4R0ZIms root@ubuntu-bionic
[   14.807807] cloud-init[657]: The key's randomart image is:
[   14.809067] cloud-init[657]: +---[DSA 1024]----+
[   14.810180] cloud-init[657]: |       .o. . .o  |
[   14.811281] cloud-init[657]: |         ooo.o   |
[   14.812426] cloud-init[657]: |        .E+ = .  |
[   14.813745] cloud-init[657]: |     . ..+ = B . |
[   14.814784] cloud-init[657]: |    . o S * * o .|
[   14.815851] cloud-init[657]: |     . B X = . ..|
[   14.816941] cloud-init[657]: |      o + @    ..|
[   14.818311] cloud-init[657]: |       . + O  .  |
[   14.819311] cloud-init[657]: |          Boo.   |
[   14.820476] cloud-init[657]: +----[SHA256]-----+
[   14.821489] cloud-init[657]: Generating public/private ecdsa key pair.
[   14.823035] cloud-init[657]: Your identification has been saved in /etc/ssh/ssh_host_ecdsa_key.
[   14.824808] cloud-init[657]: Your public key has been saved in /etc/ssh/ssh_host_ecdsa_key.pub.
[   14.826670] cloud-init[657]: The key fingerprint is:
[   14.827919] cloud-init[657]: SHA256:YqOkEfMKXUqPkLgPC1q/TXzdusbpoBuZ3NXwCelOXfQ root@ubuntu-bionic
[   14.829959] cloud-init[657]: The key's randomart image is:
[   14.831262] cloud-init[657]: +---[ECDSA 256]---+
[   14.832306] cloud-init[657]: |              .  |
[   14.833295] cloud-init[657]: |..         . . . |
[   14.834396] cloud-init[657]: |+ + .     +   . E|
[   14.835405] cloud-init[657]: | = O     . * o   |
[   14.836492] cloud-init[657]: |= * + + S + =    |
[   14.848392] cloud-init[657]: |o* * = * = .     |
[   14.849506] cloud-init[657]: |o + o B +.o..    |
[   14.850651] cloud-init[657]: |     + + .+.     |
[   14.851883] cloud-init[657]: |    . +. o+.     |
[   14.853046] cloud-init[657]: +----[SHA256]-----+
[   14.854145] cloud-init[657]: Generating public/private ed25519 key pair.
[   14.855676] cloud-init[657]: Your identification has been saved in /etc/ssh/ssh_host_ed25519_key.
[   14.857615] cloud-init[657]: Your public key has been saved in /etc/ssh/ssh_host_ed25519_key.pub.
[   14.859562] cloud-init[657]: The key fingerprint is:
[   14.860727] cloud-init[657]: SHA256:HAn4Lwcw7AGV1td143Y6Yu7qerFW9hb0D4D4fiVvx+o root@ubuntu-bionic
[   14.862521] cloud-init[657]: The key's randomart image is:
[   14.863831] cloud-init[657]: +--[ED25519 256]--+
[   14.864942] cloud-init[657]: |  .+.+.  . .. o  |
[   14.865965] cloud-init[657]: |    O .....  o . |
[   14.867035] cloud-init[657]: |   o = .o. .  o .|
[   14.868059] cloud-init[657]: |    . o.... ...o |
[   14.869231] cloud-init[657]: |       oS.  ooo. |
[   14.870232] cloud-init[657]: |      . o oo+.+..|
[   14.871307] cloud-init[657]: |       o . =.= +.|
[   14.872368] cloud-init[657]: |          =.. = +|
[   14.873559] cloud-init[657]: |        .=oo.+Eo |
[   14.874602] cloud-init[657]: +----[SHA256]-----+
[[0;32m  OK  [0m] Started Initial cloud-init job (metadata service crawler).
[[0;32m  OK  [0m] Reached target Network is Online.
         Starting Availability of block devices...
[[0;32m  OK  [0m] Reached target Remote File Systems (Pre).
[[0;32m  OK  [0m] Reached target Remote File Systems.
[[0;32m  OK  [0m] Reached target Cloud-config availability.
[[0;32m  OK  [0m] Reached target System Initialization.
[[0;32m  OK  [0m] Started Discard unused blocks once a week.
[[0;32m  OK  [0m] Listening on ACPID Listen Socket.
[[0;32m  OK  [0m] Started Message of the Day.
[[0;32m  OK  [0m] Started Daily apt download activities.
         Starting LXD - unix socket.
[[0;32m  OK  [0m] Started ACPI Events Check.
[[0;32m  OK  [0m] Started Daily Cleanup of Temporary Directories.
         Starting Socket activation for snappy daemon.
[[0;32m  OK  [0m] Started Daily apt upgrade and clean activities.
[[0;32m  OK  [0m] Reached target Timers.
[[0;32m  OK  [0m] Listening on D-Bus System Message Bus Socket.
[[0;32m  OK  [0m] Listening on Open-iSCSI iscsid Socket.
[[0;32m  OK  [0m] Listening on UUID daemon activation socket.
[[0;32m  OK  [0m] Reached target Paths.
[[0;32m  OK  [0m] Started Availability of block devices.
[[0;32m  OK  [0m] Listening on LXD - unix socket.
[[0;32m  OK  [0m] Listening on Socket activation for snappy daemon.
[[0;32m  OK  [0m] Reached target Sockets.
[[0;32m  OK  [0m] Reached target Basic System.
         Starting Login Service...
[[0;32m  OK  [0m] Started FUSE filesystem for LXC.
         Starting Permit User Sessions...
         Starting Pollinate to seed the pseudo random number generator...
[[0;32m  OK  [0m] Started Regular background program processing daemon.
[[0;32m  OK  [0m] Started irqbalance daemon.
         Starting System Logging Service...
[[0;32m  OK  [0m] Started Deferred execution scheduler.
         Starting Virtualbox guest utils...
[[0;32m  OK  [0m] Started D-Bus System Message Bus.
[[0;32m  OK  [0m] Started Login Service.
[[0;32m  OK  [0m] Started Unattended Upgrades Shutdown.
         Starting Snappy daemon...
         Starting LSB: automatic crash report generation...
         Starting Dispatcher daemon for systemd-networkd...
         Starting LSB: Record successful boot for GRUB...
         Starting Accounts Service...
         Starting LXD - container startup/shutdown...
[[0;32m  OK  [0m] Started System Logging Service.
[[0;32m  OK  [0m] Started Permit User Sessions.
         Starting Hold until boot process finishes up...
         Starting Terminate Plymouth Boot Screen...
[[0;32m  OK  [0m] Started Hold until boot process finishes up.
         Starting Set console scheme...
[[0;32m  OK  [0m] Started Serial Getty on ttyS0.
[[0;32m  OK  [0m] Started Terminate Plymouth Boot Screen.
[[0;32m  OK  [0m] Started Set console scheme.
[[0;32m  OK  [0m] Created slice system-getty.slice.
[[0;32m  OK  [0m] Started Getty on tty1.
[[0;32m  OK  [0m] Reached target Login Prompts.
[[0;32m  OK  [0m] Started LSB: automatic crash report generation.
[[0;32m  OK  [0m] Started LSB: Record successful boot for GRUB.
[[0;32m  OK  [0m] Started Virtualbox guest utils.
         Starting Authorization Manager...
[[0;32m  OK  [0m] Started Authorization Manager.
[[0;32m  OK  [0m] Started Accounts Service.
[[0;32m  OK  [0m] Started Dispatcher daemon for systemd-networkd.
[[0;32m  OK  [0m] Started LXD - container startup/shutdown.
[[0;32m  OK  [0m] Started Snappy daemon.
         Starting Wait until snapd is fully seeded...

Ubuntu 18.04.4 LTS ubuntu-bionic ttyS0

ubuntu-bionic login: [   34.707854] cloud-init[1583]: Cloud-init v. 19.4-33-gbb4131a2-0ubuntu1~18.04.1 running 'modules:config' at Thu, 16 Apr 2020 17:26:51 +0000. Up 32.58 seconds.
ci-info: no authorized SSH keys fingerprints found for user ubuntu.
<14>Apr 16 17:26:54 ec2: 
<14>Apr 16 17:26:54 ec2: #############################################################
<14>Apr 16 17:26:54 ec2: -----BEGIN SSH HOST KEY FINGERPRINTS-----
<14>Apr 16 17:26:54 ec2: 1024 SHA256:H5eBQC8+LiH9teOtGwzZlweavkBazx7bVxMi4R0ZIms root@ubuntu-bionic (DSA)
<14>Apr 16 17:26:54 ec2: 256 SHA256:YqOkEfMKXUqPkLgPC1q/TXzdusbpoBuZ3NXwCelOXfQ root@ubuntu-bionic (ECDSA)
<14>Apr 16 17:26:54 ec2: 256 SHA256:HAn4Lwcw7AGV1td143Y6Yu7qerFW9hb0D4D4fiVvx+o root@ubuntu-bionic (ED25519)
<14>Apr 16 17:26:54 ec2: 2048 SHA256:0o5i6Xk1m1mEslpSGaZKqp/xt3zyME2Dr5v8wjWHa4Y root@ubuntu-bionic (RSA)
<14>Apr 16 17:26:54 ec2: -----END SSH HOST KEY FINGERPRINTS-----
<14>Apr 16 17:26:54 ec2: #############################################################
-----BEGIN SSH HOST KEY KEYS-----
ecdsa-sha2-nistp256 AAAAE2VjZHNhLXNoYTItbmlzdHAyNTYAAAAIbmlzdHAyNTYAAABBBKQ8kGpNM/nPoL9Ai7rEzppIfy9Uz2Dxfh5num15jtzAR+dYsi3s5/VRuughd+TTGRi57B8hEQYu5UGzGbgVJOY= root@ubuntu-bionic
ssh-ed25519 AAAAC3NzaC1lZDI1NTE5AAAAILauBUtq9PNIvTEj77TGAAQ5eGNmkeVdAQP1Dm6O/8q3 root@ubuntu-bionic
ssh-rsa AAAAB3NzaC1yc2EAAAADAQABAAABAQCrMut9KIAoyMe8cKe3XZ3sAK0Zo692uGx75d+Ir8PIg8SC+8fgmvCQie4zPYVAFHNOmIPIDjqyRcHUaPfT0lx2U4hJlz0Th3oqNkJXF7kVHoCLbkIfIx+SiZjbFVDru/cDzpOcG70wDgZR+UAK7du/obidx88f37w6PyAAni4VFRqSuOzconwBoYs2yn5a61ngCMuEsJ0g4VFqQZ93Z2phGyp0H6kVCbx0jcKc5RMGR7mKAtsbWFDc+es3aLPr/3/a8p9vXgz6fVco3XYGxb+EIZbR1/iR6RTbeN51w7MhDUt+gBcI5vN8a+u3ttzeid/y1xHqDxAcfOlSy1J9EHch root@ubuntu-bionic
-----END SSH HOST KEY KEYS-----
[   35.682643] cloud-init[1715]: Cloud-init v. 19.4-33-gbb4131a2-0ubuntu1~18.04.1 running 'modules:final' at Thu, 16 Apr 2020 17:26:53 +0000. Up 35.28 seconds.
[   35.685888] cloud-init[1715]: ci-info: no authorized SSH keys fingerprints found for user ubuntu.
[   35.688566] cloud-init[1715]: Cloud-init v. 19.4-33-gbb4131a2-0ubuntu1~18.04.1 finished at Thu, 16 Apr 2020 17:26:54 +0000. Datasource DataSourceNoCloud [seed=/dev/sdb][dsmode=net].  Up 35.66 seconds
[[0;32m  OK  [0m] Started Execute cloud user/final scripts.
[[0;32m  OK  [0m] Reached target Cloud-init target.
